Straight Flush
Straight
Straight
One Pair
Straight
Straight
One Pair
Straight
Top
Top
One Pair
One Pair
Straight
Straight
Top
Straight
Top
Top
Top
Top
Straight
Straight
Two Pair
Top
Top
Top
Top
Straight
One Pair
Top
Straight Flush
Flush
Flush
Straight Flush
Four Card
Full House
Full House
Full House
Full House
Full House
Top
Straight
Top
Top
Top
One Pair
Top
Top
Top
Top
Top
One Pair
Two Pair
Top
Straight
Top
Straight
Top
Top
One Pair
Top
Top
Two Pair
Top
Top
Straight
Top
Top
Top
Top
Top
One Pair
Top
Top
Top
Top
Top
Top
Top
Top
Top
Top
Top
Top
Top
Top
One Pair
Top
Top
Top
Top
Top
Top
Top
Top
Top
Top
Top
Top
Straight
Straight
Top
Straight
Straight
Top
Top
Top
One Pair
One Pair
Top
Straight
Top
One Pair
Top
Straight
Top
Top
Top
Top
Top
One Pair
Top
Top
Top
Straight
Top
One Pair
Top
Top
Top
